[17-May-2021 14:37:43 UTC] PHP Deprecated:  Methods with the same name as their class will not be constructors in a future version of PHP; RDM_User_Caps has a deprecated constructor in /home/u112548p108630/domains/apex-miniaturen.nl/public_html/wp-content/themes/apex/functions.php on line 357
[17-May-2021 14:37:43 UTC] PHP Notice:  Trying to get property 'message' of non-object in /home/u112548p108630/domains/apex-miniaturen.nl/public_html/wp-content/themes/apex/plugin/envisic-custom-dashboard/custom-dashboard.php on line 95
[17-May-2021 14:37:43 UTC] PHP Notice:  Trying to get property 'message' of non-object in /home/u112548p108630/domains/apex-miniaturen.nl/public_html/wp-content/themes/apex/plugin/envisic-custom-dashboard/custom-dashboard.php on line 102
[17-May-2021 14:39:00 UTC] PHP Deprecated:  Methods with the same name as their class will not be constructors in a future version of PHP; RDM_User_Caps has a deprecated constructor in /home/u112548p108630/domains/apex-miniaturen.nl/public_html/wp-content/themes/apex/functions.php on line 357
[17-May-2021 14:39:00 UTC] PHP Warning:  include_once(/home/u112548p108630/domains/apex-miniaturen.nl/public_html/wp-content/themes/apex/plugin/envisic-custom-dashboard/envisic-custom-dashboard.php): failed to open stream: No such file or directory in /home/u112548p108630/domains/apex-miniaturen.nl/public_html/wp-content/themes/apex/functions.php on line 73
[17-May-2021 14:39:00 UTC] PHP Warning:  include_once(): Failed opening '/home/u112548p108630/domains/apex-miniaturen.nl/public_html/wp-content/themes/apex/plugin/envisic-custom-dashboard/envisic-custom-dashboard.php' for inclusion (include_path='.:/opt/alt/php74/usr/share/pear') in /home/u112548p108630/domains/apex-miniaturen.nl/public_html/wp-content/themes/apex/functions.php on line 73
[17-May-2021 14:39:01 UTC] PHP Deprecated:  Methods with the same name as their class will not be constructors in a future version of PHP; RDM_User_Caps has a deprecated constructor in /home/u112548p108630/domains/apex-miniaturen.nl/public_html/wp-content/themes/apex/functions.php on line 357
[17-May-2021 14:39:01 UTC] PHP Warning:  include_once(/home/u112548p108630/domains/apex-miniaturen.nl/public_html/wp-content/themes/apex/plugin/envisic-custom-dashboard/envisic-custom-dashboard.php): failed to open stream: No such file or directory in /home/u112548p108630/domains/apex-miniaturen.nl/public_html/wp-content/themes/apex/functions.php on line 73
[17-May-2021 14:39:01 UTC] PHP Warning:  include_once(): Failed opening '/home/u112548p108630/domains/apex-miniaturen.nl/public_html/wp-content/themes/apex/plugin/envisic-custom-dashboard/envisic-custom-dashboard.php' for inclusion (include_path='.:/opt/alt/php74/usr/share/pear') in /home/u112548p108630/domains/apex-miniaturen.nl/public_html/wp-content/themes/apex/functions.php on line 73
[17-May-2021 14:39:04 UTC] PHP Deprecated:  Methods with the same name as their class will not be constructors in a future version of PHP; RDM_User_Caps has a deprecated constructor in /home/u112548p108630/domains/apex-miniaturen.nl/public_html/wp-content/themes/apex/functions.php on line 357
[17-May-2021 14:39:04 UTC] PHP Warning:  include_once(/home/u112548p108630/domains/apex-miniaturen.nl/public_html/wp-content/themes/apex/plugin/envisic-custom-dashboard/envisic-custom-dashboard.php): failed to open stream: No such file or directory in /home/u112548p108630/domains/apex-miniaturen.nl/public_html/wp-content/themes/apex/functions.php on line 73
[17-May-2021 14:39:04 UTC] PHP Warning:  include_once(): Failed opening '/home/u112548p108630/domains/apex-miniaturen.nl/public_html/wp-content/themes/apex/plugin/envisic-custom-dashboard/envisic-custom-dashboard.php' for inclusion (include_path='.:/opt/alt/php74/usr/share/pear') in /home/u112548p108630/domains/apex-miniaturen.nl/public_html/wp-content/themes/apex/functions.php on line 73
[17-May-2021 14:39:12 UTC] PHP Deprecated:  Methods with the same name as their class will not be constructors in a future version of PHP; RDM_User_Caps has a deprecated constructor in /home/u112548p108630/domains/apex-miniaturen.nl/public_html/wp-content/themes/apex/functions.php on line 357
[17-May-2021 14:39:12 UTC] PHP Warning:  include_once(/home/u112548p108630/domains/apex-miniaturen.nl/public_html/wp-content/themes/apex/plugin/envisic-custom-dashboard/envisic-custom-dashboard.php): failed to open stream: No such file or directory in /home/u112548p108630/domains/apex-miniaturen.nl/public_html/wp-content/themes/apex/functions.php on line 73
[17-May-2021 14:39:12 UTC] PHP Warning:  include_once(): Failed opening '/home/u112548p108630/domains/apex-miniaturen.nl/public_html/wp-content/themes/apex/plugin/envisic-custom-dashboard/envisic-custom-dashboard.php' for inclusion (include_path='.:/opt/alt/php74/usr/share/pear') in /home/u112548p108630/domains/apex-miniaturen.nl/public_html/wp-content/themes/apex/functions.php on line 73
[17-May-2021 14:39:12 UTC] PHP Deprecated:  login_headertitle is <strong>verouderd</strong> sinds versie 5.2.0. Gebruik in plaats daarvan login_headertext. Het gebruik van het 'title' attribuut op het aanmeldlogo wordt om redenen van toegankelijkheid niet aanbevolen. Gebruik in plaats daarvan de linktekst. in /home/u112548p108630/domains/apex-miniaturen.nl/public_html/wp-includes/functions.php on line 5236
[17-May-2021 14:39:20 UTC] PHP Deprecated:  Methods with the same name as their class will not be constructors in a future version of PHP; RDM_User_Caps has a deprecated constructor in /home/u112548p108630/domains/apex-miniaturen.nl/public_html/wp-content/themes/apex/functions.php on line 357
[17-May-2021 14:39:20 UTC] PHP Deprecated:  login_headertitle is <strong>verouderd</strong> sinds versie 5.2.0. Gebruik in plaats daarvan login_headertext. Het gebruik van het 'title' attribuut op het aanmeldlogo wordt om redenen van toegankelijkheid niet aanbevolen. Gebruik in plaats daarvan de linktekst. in /home/u112548p108630/domains/apex-miniaturen.nl/public_html/wp-includes/functions.php on line 5236
[17-May-2021 14:39:21 UTC] PHP Deprecated:  Methods with the same name as their class will not be constructors in a future version of PHP; RDM_User_Caps has a deprecated constructor in /home/u112548p108630/domains/apex-miniaturen.nl/public_html/wp-content/themes/apex/functions.php on line 357
[17-May-2021 14:39:21 UTC] PHP Deprecated:  login_headertitle is <strong>verouderd</strong> sinds versie 5.2.0. Gebruik in plaats daarvan login_headertext. Het gebruik van het 'title' attribuut op het aanmeldlogo wordt om redenen van toegankelijkheid niet aanbevolen. Gebruik in plaats daarvan de linktekst. in /home/u112548p108630/domains/apex-miniaturen.nl/public_html/wp-includes/functions.php on line 5236
[17-May-2021 14:39:57 UTC] PHP Deprecated:  Methods with the same name as their class will not be constructors in a future version of PHP; RDM_User_Caps has a deprecated constructor in /home/u112548p108630/domains/apex-miniaturen.nl/public_html/wp-content/themes/apex/functions.php on line 357
[17-May-2021 14:39:57 UTC] PHP Deprecated:  login_headertitle is <strong>verouderd</strong> sinds versie 5.2.0. Gebruik in plaats daarvan login_headertext. Het gebruik van het 'title' attribuut op het aanmeldlogo wordt om redenen van toegankelijkheid niet aanbevolen. Gebruik in plaats daarvan de linktekst. in /home/u112548p108630/domains/apex-miniaturen.nl/public_html/wp-includes/functions.php on line 5236
[17-May-2021 14:41:02 UTC] PHP Deprecated:  Methods with the same name as their class will not be constructors in a future version of PHP; RDM_User_Caps has a deprecated constructor in /home/u112548p108630/domains/apex-miniaturen.nl/public_html/wp-content/themes/apex/functions.php on line 357
[17-May-2021 14:41:03 UTC] PHP Notice:  Trying to access array offset on value of type null in /home/u112548p108630/domains/apex-miniaturen.nl/public_html/wp-content/themes/apex/header.php on line 18
[17-May-2021 14:41:03 UTC] PHP Notice:  Trying to access array offset on value of type null in /home/u112548p108630/domains/apex-miniaturen.nl/public_html/wp-content/themes/apex/header.php on line 18
[17-May-2021 14:41:03 UTC] PHP Notice:  Trying to access array offset on value of type null in /home/u112548p108630/domains/apex-miniaturen.nl/public_html/wp-content/themes/apex/header.php on line 28
[17-May-2021 14:41:03 UTC] PHP Notice:  Trying to access array offset on value of type null in /home/u112548p108630/domains/apex-miniaturen.nl/public_html/wp-content/themes/apex/header.php on line 29
[17-May-2021 14:41:03 UTC] PHP Notice:  Trying to access array offset on value of type null in /home/u112548p108630/domains/apex-miniaturen.nl/public_html/wp-content/themes/apex/header.php on line 53
[17-May-2021 14:41:03 UTC] PHP Notice:  Undefined variable: page_title in /home/u112548p108630/domains/apex-miniaturen.nl/public_html/wp-content/themes/apex/header.php on line 62
[17-May-2021 14:41:03 UTC] PHP Notice:  Trying to access array offset on value of type null in /home/u112548p108630/domains/apex-miniaturen.nl/public_html/wp-content/themes/apex/header.php on line 95
[17-May-2021 14:41:03 UTC] PHP Deprecated:  get_woocommerce_term_meta is <strong>verouderd</strong> sinds versie 3.6. Gebruik in plaats daarvan get_term_meta. in /home/u112548p108630/domains/apex-miniaturen.nl/public_html/wp-includes/functions.php on line 4861
[17-May-2021 14:41:03 UTC] PHP Notice:  Trying to get property 'before' of non-object in /home/u112548p108630/domains/apex-miniaturen.nl/public_html/wp-content/themes/apex/functions.php on line 1661
[17-May-2021 14:41:03 UTC] PHP Notice:  Trying to get property 'link_before' of non-object in /home/u112548p108630/domains/apex-miniaturen.nl/public_html/wp-content/themes/apex/functions.php on line 1666
[17-May-2021 14:41:03 UTC] PHP Notice:  Trying to get property 'link_after' of non-object in /home/u112548p108630/domains/apex-miniaturen.nl/public_html/wp-content/themes/apex/functions.php on line 1666
[17-May-2021 14:41:03 UTC] PHP Notice:  Trying to get property 'after' of non-object in /home/u112548p108630/domains/apex-miniaturen.nl/public_html/wp-content/themes/apex/functions.php on line 1669
[17-May-2021 14:41:03 UTC] PHP Deprecated:  get_woocommerce_term_meta is <strong>verouderd</strong> sinds versie 3.6. Gebruik in plaats daarvan get_term_meta. in /home/u112548p108630/domains/apex-miniaturen.nl/public_html/wp-includes/functions.php on line 4861
[17-May-2021 14:41:03 UTC] PHP Notice:  Trying to get property 'before' of non-object in /home/u112548p108630/domains/apex-miniaturen.nl/public_html/wp-content/themes/apex/functions.php on line 1661
[17-May-2021 14:41:03 UTC] PHP Notice:  Trying to get property 'link_before' of non-object in /home/u112548p108630/domains/apex-miniaturen.nl/public_html/wp-content/themes/apex/functions.php on line 1666
[17-May-2021 14:41:03 UTC] PHP Notice:  Trying to get property 'link_after' of non-object in /home/u112548p108630/domains/apex-miniaturen.nl/public_html/wp-content/themes/apex/functions.php on line 1666
[17-May-2021 14:41:03 UTC] PHP Notice:  Trying to get property 'after' of non-object in /home/u112548p108630/domains/apex-miniaturen.nl/public_html/wp-content/themes/apex/functions.php on line 1669
[17-May-2021 14:41:03 UTC] PHP Deprecated:  get_woocommerce_term_meta is <strong>verouderd</strong> sinds versie 3.6. Gebruik in plaats daarvan get_term_meta. in /home/u112548p108630/domains/apex-miniaturen.nl/public_html/wp-includes/functions.php on line 4861
[17-May-2021 14:41:03 UTC] PHP Notice:  Trying to get property 'before' of non-object in /home/u112548p108630/domains/apex-miniaturen.nl/public_html/wp-content/themes/apex/functions.php on line 1661
[17-May-2021 14:41:03 UTC] PHP Notice:  Trying to get property 'link_before' of non-object in /home/u112548p108630/domains/apex-miniaturen.nl/public_html/wp-content/themes/apex/functions.php on line 1666
[17-May-2021 14:41:03 UTC] PHP Notice:  Trying to get property 'link_after' of non-object in /home/u112548p108630/domains/apex-miniaturen.nl/public_html/wp-content/themes/apex/functions.php on line 1666
[17-May-2021 14:41:03 UTC] PHP Notice:  Trying to get property 'after' of non-object in /home/u112548p108630/domains/apex-miniaturen.nl/public_html/wp-content/themes/apex/functions.php on line 1669
[17-May-2021 14:41:03 UTC] PHP Deprecated:  get_woocommerce_term_meta is <strong>verouderd</strong> sinds versie 3.6. Gebruik in plaats daarvan get_term_meta. in /home/u112548p108630/domains/apex-miniaturen.nl/public_html/wp-includes/functions.php on line 4861
[17-May-2021 14:41:03 UTC] PHP Notice:  Trying to get property 'before' of non-object in /home/u112548p108630/domains/apex-miniaturen.nl/public_html/wp-content/themes/apex/functions.php on line 1661
[17-May-2021 14:41:03 UTC] PHP Notice:  Trying to get property 'link_before' of non-object in /home/u112548p108630/domains/apex-miniaturen.nl/public_html/wp-content/themes/apex/functions.php on line 1666
[17-May-2021 14:41:03 UTC] PHP Notice:  Trying to get property 'link_after' of non-object in /home/u112548p108630/domains/apex-miniaturen.nl/public_html/wp-content/themes/apex/functions.php on line 1666
[17-May-2021 14:41:03 UTC] PHP Notice:  Trying to get property 'after' of non-object in /home/u112548p108630/domains/apex-miniaturen.nl/public_html/wp-content/themes/apex/functions.php on line 1669
[17-May-2021 14:41:03 UTC] PHP Deprecated:  get_woocommerce_term_meta is <strong>verouderd</strong> sinds versie 3.6. Gebruik in plaats daarvan get_term_meta. in /home/u112548p108630/domains/apex-miniaturen.nl/public_html/wp-includes/functions.php on line 4861
[17-May-2021 14:41:03 UTC] PHP Notice:  Trying to get property 'before' of non-object in /home/u112548p108630/domains/apex-miniaturen.nl/public_html/wp-content/themes/apex/functions.php on line 1661
[17-May-2021 14:41:03 UTC] PHP Notice:  Trying to get property 'link_before' of non-object in /home/u112548p108630/domains/apex-miniaturen.nl/public_html/wp-content/themes/apex/functions.php on line 1666
[17-May-2021 14:41:03 UTC] PHP Notice:  Trying to get property 'link_after' of non-object in /home/u112548p108630/domains/apex-miniaturen.nl/public_html/wp-content/themes/apex/functions.php on line 1666
[17-May-2021 14:41:03 UTC] PHP Notice:  Trying to get property 'after' of non-object in /home/u112548p108630/domains/apex-miniaturen.nl/public_html/wp-content/themes/apex/functions.php on line 1669
[17-May-2021 14:41:03 UTC] PHP Deprecated:  get_woocommerce_term_meta is <strong>verouderd</strong> sinds versie 3.6. Gebruik in plaats daarvan get_term_meta. in /home/u112548p108630/domains/apex-miniaturen.nl/public_html/wp-includes/functions.php on line 4861
[17-May-2021 14:41:03 UTC] PHP Notice:  Trying to get property 'before' of non-object in /home/u112548p108630/domains/apex-miniaturen.nl/public_html/wp-content/themes/apex/functions.php on line 1661
[17-May-2021 14:41:03 UTC] PHP Notice:  Trying to get property 'link_before' of non-object in /home/u112548p108630/domains/apex-miniaturen.nl/public_html/wp-content/themes/apex/functions.php on line 1666
[17-May-2021 14:41:03 UTC] PHP Notice:  Trying to get property 'link_after' of non-object in /home/u112548p108630/domains/apex-miniaturen.nl/public_html/wp-content/themes/apex/functions.php on line 1666
[17-May-2021 14:41:03 UTC] PHP Notice:  Trying to get property 'after' of non-object in /home/u112548p108630/domains/apex-miniaturen.nl/public_html/wp-content/themes/apex/functions.php on line 1669
[17-May-2021 14:41:03 UTC] PHP Deprecated:  get_woocommerce_term_meta is <strong>verouderd</strong> sinds versie 3.6. Gebruik in plaats daarvan get_term_meta. in /home/u112548p108630/domains/apex-miniaturen.nl/public_html/wp-includes/functions.php on line 4861
[17-May-2021 14:41:03 UTC] PHP Notice:  Trying to get property 'before' of non-object in /home/u112548p108630/domains/apex-miniaturen.nl/public_html/wp-content/themes/apex/functions.php on line 1661
[17-May-2021 14:41:03 UTC] PHP Notice:  Trying to get property 'link_before' of non-object in /home/u112548p108630/domains/apex-miniaturen.nl/public_html/wp-content/themes/apex/functions.php on line 1666
[17-May-2021 14:41:03 UTC] PHP Notice:  Trying to get property 'link_after' of non-object in /home/u112548p108630/domains/apex-miniaturen.nl/public_html/wp-content/themes/apex/functions.php on line 1666
[17-May-2021 14:41:03 UTC] PHP Notice:  Trying to get property 'after' of non-object in /home/u112548p108630/domains/apex-miniaturen.nl/public_html/wp-content/themes/apex/functions.php on line 1669
[17-May-2021 14:41:03 UTC] PHP Deprecated:  get_woocommerce_term_meta is <strong>verouderd</strong> sinds versie 3.6. Gebruik in plaats daarvan get_term_meta. in /home/u112548p108630/domains/apex-miniaturen.nl/public_html/wp-includes/functions.php on line 4861
[17-May-2021 14:41:03 UTC] PHP Notice:  Trying to get property 'before' of non-object in /home/u112548p108630/domains/apex-miniaturen.nl/public_html/wp-content/themes/apex/functions.php on line 1661
[17-May-2021 14:41:03 UTC] PHP Notice:  Trying to get property 'link_before' of non-object in /home/u112548p108630/domains/apex-miniaturen.nl/public_html/wp-content/themes/apex/functions.php on line 1666
[17-May-2021 14:41:03 UTC] PHP Notice:  Trying to get property 'link_after' of non-object in /home/u112548p108630/domains/apex-miniaturen.nl/public_html/wp-content/themes/apex/functions.php on line 1666
[17-May-2021 14:41:03 UTC] PHP Notice:  Trying to get property 'after' of non-object in /home/u112548p108630/domains/apex-miniaturen.nl/public_html/wp-content/themes/apex/functions.php on line 1669
[17-May-2021 14:41:03 UTC] PHP Deprecated:  get_woocommerce_term_meta is <strong>verouderd</strong> sinds versie 3.6. Gebruik in plaats daarvan get_term_meta. in /home/u112548p108630/domains/apex-miniaturen.nl/public_html/wp-includes/functions.php on line 4861
[17-May-2021 14:41:03 UTC] PHP Notice:  Trying to get property 'before' of non-object in /home/u112548p108630/domains/apex-miniaturen.nl/public_html/wp-content/themes/apex/functions.php on line 1661
[17-May-2021 14:41:03 UTC] PHP Notice:  Trying to get property 'link_before' of non-object in /home/u112548p108630/domains/apex-miniaturen.nl/public_html/wp-content/themes/apex/functions.php on line 1666
[17-May-2021 14:41:03 UTC] PHP Notice:  Trying to get property 'link_after' of non-object in /home/u112548p108630/domains/apex-miniaturen.nl/public_html/wp-content/themes/apex/functions.php on line 1666
[17-May-2021 14:41:03 UTC] PHP Notice:  Trying to get property 'after' of non-object in /home/u112548p108630/domains/apex-miniaturen.nl/public_html/wp-content/themes/apex/functions.php on line 1669
[17-May-2021 14:41:03 UTC] PHP Deprecated:  get_woocommerce_term_meta is <strong>verouderd</strong> sinds versie 3.6. Gebruik in plaats daarvan get_term_meta. in /home/u112548p108630/domains/apex-miniaturen.nl/public_html/wp-includes/functions.php on line 4861
[17-May-2021 14:41:03 UTC] PHP Notice:  Trying to get property 'before' of non-object in /home/u112548p108630/domains/apex-miniaturen.nl/public_html/wp-content/themes/apex/functions.php on line 1661
[17-May-2021 14:41:03 UTC] PHP Notice:  Trying to get property 'link_before' of non-object in /home/u112548p108630/domains/apex-miniaturen.nl/public_html/wp-content/themes/apex/functions.php on line 1666
[17-May-2021 14:41:03 UTC] PHP Notice:  Trying to get property 'link_after' of non-object in /home/u112548p108630/domains/apex-miniaturen.nl/public_html/wp-content/themes/apex/functions.php on line 1666
[17-May-2021 14:41:03 UTC] PHP Notice:  Trying to get property 'after' of non-object in /home/u112548p108630/domains/apex-miniaturen.nl/public_html/wp-content/themes/apex/functions.php on line 1669
[17-May-2021 14:41:03 UTC] PHP Deprecated:  get_woocommerce_term_meta is <strong>verouderd</strong> sinds versie 3.6. Gebruik in plaats daarvan get_term_meta. in /home/u112548p108630/domains/apex-miniaturen.nl/public_html/wp-includes/functions.php on line 4861
[17-May-2021 14:41:03 UTC] PHP Notice:  Trying to get property 'before' of non-object in /home/u112548p108630/domains/apex-miniaturen.nl/public_html/wp-content/themes/apex/functions.php on line 1661
[17-May-2021 14:41:03 UTC] PHP Notice:  Trying to get property 'link_before' of non-object in /home/u112548p108630/domains/apex-miniaturen.nl/public_html/wp-content/themes/apex/functions.php on line 1666
[17-May-2021 14:41:03 UTC] PHP Notice:  Trying to get property 'link_after' of non-object in /home/u112548p108630/domains/apex-miniaturen.nl/public_html/wp-content/themes/apex/functions.php on line 1666
[17-May-2021 14:41:03 UTC] PHP Notice:  Trying to get property 'after' of non-object in /home/u112548p108630/domains/apex-miniaturen.nl/public_html/wp-content/themes/apex/functions.php on line 1669
[17-May-2021 14:41:03 UTC] PHP Deprecated:  get_woocommerce_term_meta is <strong>verouderd</strong> sinds versie 3.6. Gebruik in plaats daarvan get_term_meta. in /home/u112548p108630/domains/apex-miniaturen.nl/public_html/wp-includes/functions.php on line 4861
[17-May-2021 14:41:03 UTC] PHP Notice:  Trying to get property 'before' of non-object in /home/u112548p108630/domains/apex-miniaturen.nl/public_html/wp-content/themes/apex/functions.php on line 1661
[17-May-2021 14:41:03 UTC] PHP Notice:  Trying to get property 'link_before' of non-object in /home/u112548p108630/domains/apex-miniaturen.nl/public_html/wp-content/themes/apex/functions.php on line 1666
[17-May-2021 14:41:03 UTC] PHP Notice:  Trying to get property 'link_after' of non-object in /home/u112548p108630/domains/apex-miniaturen.nl/public_html/wp-content/themes/apex/functions.php on line 1666
[17-May-2021 14:41:03 UTC] PHP Notice:  Trying to get property 'after' of non-object in /home/u112548p108630/domains/apex-miniaturen.nl/public_html/wp-content/themes/apex/functions.php on line 1669
[17-May-2021 14:41:03 UTC] PHP Deprecated:  get_woocommerce_term_meta is <strong>verouderd</strong> sinds versie 3.6. Gebruik in plaats daarvan get_term_meta. in /home/u112548p108630/domains/apex-miniaturen.nl/public_html/wp-includes/functions.php on line 4861
[17-May-2021 14:41:03 UTC] PHP Notice:  Trying to get property 'before' of non-object in /home/u112548p108630/domains/apex-miniaturen.nl/public_html/wp-content/themes/apex/functions.php on line 1661
[17-May-2021 14:41:03 UTC] PHP Notice:  Trying to get property 'link_before' of non-object in /home/u112548p108630/domains/apex-miniaturen.nl/public_html/wp-content/themes/apex/functions.php on line 1666
[17-May-2021 14:41:03 UTC] PHP Notice:  Trying to get property 'link_after' of non-object in /home/u112548p108630/domains/apex-miniaturen.nl/public_html/wp-content/themes/apex/functions.php on line 1666
[17-May-2021 14:41:03 UTC] PHP Notice:  Trying to get property 'after' of non-object in /home/u112548p108630/domains/apex-miniaturen.nl/public_html/wp-content/themes/apex/functions.php on line 1669
[17-May-2021 14:41:03 UTC] PHP Deprecated:  get_woocommerce_term_meta is <strong>verouderd</strong> sinds versie 3.6. Gebruik in plaats daarvan get_term_meta. in /home/u112548p108630/domains/apex-miniaturen.nl/public_html/wp-includes/functions.php on line 4861
[17-May-2021 14:41:03 UTC] PHP Notice:  Trying to get property 'before' of non-object in /home/u112548p108630/domains/apex-miniaturen.nl/public_html/wp-content/themes/apex/functions.php on line 1661
[17-May-2021 14:41:03 UTC] PHP Notice:  Trying to get property 'link_before' of non-object in /home/u112548p108630/domains/apex-miniaturen.nl/public_html/wp-content/themes/apex/functions.php on line 1666
[17-May-2021 14:41:03 UTC] PHP Notice:  Trying to get property 'link_after' of non-object in /home/u112548p108630/domains/apex-miniaturen.nl/public_html/wp-content/themes/apex/functions.php on line 1666
[17-May-2021 14:41:03 UTC] PHP Notice:  Trying to get property 'after' of non-object in /home/u112548p108630/domains/apex-miniaturen.nl/public_html/wp-content/themes/apex/functions.php on line 1669
[17-May-2021 14:41:03 UTC] PHP Deprecated:  get_woocommerce_term_meta is <strong>verouderd</strong> sinds versie 3.6. Gebruik in plaats daarvan get_term_meta. in /home/u112548p108630/domains/apex-miniaturen.nl/public_html/wp-includes/functions.php on line 4861
[17-May-2021 14:41:03 UTC] PHP Notice:  Trying to get property 'before' of non-object in /home/u112548p108630/domains/apex-miniaturen.nl/public_html/wp-content/themes/apex/functions.php on line 1661
[17-May-2021 14:41:03 UTC] PHP Notice:  Trying to get property 'link_before' of non-object in /home/u112548p108630/domains/apex-miniaturen.nl/public_html/wp-content/themes/apex/functions.php on line 1666
[17-May-2021 14:41:03 UTC] PHP Notice:  Trying to get property 'link_after' of non-object in /home/u112548p108630/domains/apex-miniaturen.nl/public_html/wp-content/themes/apex/functions.php on line 1666
[17-May-2021 14:41:03 UTC] PHP Notice:  Trying to get property 'after' of non-object in /home/u112548p108630/domains/apex-miniaturen.nl/public_html/wp-content/themes/apex/functions.php on line 1669
[17-May-2021 14:41:03 UTC] PHP Notice:  Trying to access array offset on value of type null in /home/u112548p108630/domains/apex-miniaturen.nl/public_html/wp-content/themes/apex/footer.php on line 9
[17-May-2021 14:41:03 UTC] PHP Notice:  Trying to access array offset on value of type null in /home/u112548p108630/domains/apex-miniaturen.nl/public_html/wp-content/themes/apex/footer.php on line 9
[17-May-2021 14:41:03 UTC] PHP Notice:  Trying to access array offset on value of type null in /home/u112548p108630/domains/apex-miniaturen.nl/public_html/wp-content/themes/apex/functions.php on line 969
[17-May-2021 14:41:03 UTC] PHP Notice:  Trying to access array offset on value of type null in /home/u112548p108630/domains/apex-miniaturen.nl/public_html/wp-content/themes/apex/functions.php on line 969
[17-May-2021 14:41:03 UTC] PHP Notice:  Trying to access array offset on value of type null in /home/u112548p108630/domains/apex-miniaturen.nl/public_html/wp-content/themes/apex/functions.php on line 969
[17-May-2021 14:41:03 UTC] PHP Notice:  Trying to access array offset on value of type null in /home/u112548p108630/domains/apex-miniaturen.nl/public_html/wp-content/themes/apex/functions.php on line 969
[17-May-2021 14:41:41 UTC] PHP Deprecated:  Methods with the same name as their class will not be constructors in a future version of PHP; RDM_User_Caps has a deprecated constructor in /home/u112548p108630/domains/apex-miniaturen.nl/public_html/wp-content/themes/apex/functions.php on line 357
[17-May-2021 14:41:41 UTC] PHP Deprecated:  login_headertitle is <strong>verouderd</strong> sinds versie 5.2.0. Gebruik in plaats daarvan login_headertext. Het gebruik van het 'title' attribuut op het aanmeldlogo wordt om redenen van toegankelijkheid niet aanbevolen. Gebruik in plaats daarvan de linktekst. in /home/u112548p108630/domains/apex-miniaturen.nl/public_html/wp-includes/functions.php on line 5236
[17-May-2021 14:42:55 UTC] PHP Deprecated:  Methods with the same name as their class will not be constructors in a future version of PHP; RDM_User_Caps has a deprecated constructor in /home/u112548p108630/domains/apex-miniaturen.nl/public_html/wp-content/themes/apex/functions.php on line 357
[17-May-2021 14:42:55 UTC] PHP Deprecated:  Methods with the same name as their class will not be constructors in a future version of PHP; RDM_User_Caps has a deprecated constructor in /home/u112548p108630/domains/apex-miniaturen.nl/public_html/wp-content/themes/apex/functions.php on line 357
[17-May-2021 14:42:56 UTC] PHP Deprecated:  Methods with the same name as their class will not be constructors in a future version of PHP; RDM_User_Caps has a deprecated constructor in /home/u112548p108630/domains/apex-miniaturen.nl/public_html/wp-content/themes/apex/functions.php on line 357
[17-May-2021 14:42:56 UTC] PHP Notice:  Trying to get property 'message' of non-object in /home/u112548p108630/domains/apex-miniaturen.nl/public_html/wp-content/themes/apex/plugin/envisic-custom-dashboard/custom-dashboard.php on line 95
[17-May-2021 14:42:56 UTC] PHP Notice:  Trying to get property 'message' of non-object in /home/u112548p108630/domains/apex-miniaturen.nl/public_html/wp-content/themes/apex/plugin/envisic-custom-dashboard/custom-dashboard.php on line 102
[17-May-2021 14:43:21 UTC] PHP Deprecated:  Methods with the same name as their class will not be constructors in a future version of PHP; RDM_User_Caps has a deprecated constructor in /home/u112548p108630/domains/apex-miniaturen.nl/public_html/wp-content/themes/apex/functions.php on line 357
[17-May-2021 14:43:23 UTC] PHP Deprecated:  Methods with the same name as their class will not be constructors in a future version of PHP; RDM_User_Caps has a deprecated constructor in /home/u112548p108630/domains/apex-miniaturen.nl/public_html/wp-content/themes/apex/functions.php on line 357
[17-May-2021 14:43:23 UTC] PHP Deprecated:  Methods with the same name as their class will not be constructors in a future version of PHP; RDM_User_Caps has a deprecated constructor in /home/u112548p108630/domains/apex-miniaturen.nl/public_html/wp-content/themes/apex/functions.php on line 357
[17-May-2021 14:43:23 UTC] PHP Deprecated:  Methods with the same name as their class will not be constructors in a future version of PHP; RDM_User_Caps has a deprecated constructor in /home/u112548p108630/domains/apex-miniaturen.nl/public_html/wp-content/themes/apex/functions.php on line 357
[17-May-2021 14:43:23 UTC] PHP Deprecated:  Methods with the same name as their class will not be constructors in a future version of PHP; RDM_User_Caps has a deprecated constructor in /home/u112548p108630/domains/apex-miniaturen.nl/public_html/wp-content/themes/apex/functions.php on line 357
[17-May-2021 14:43:38 UTC] PHP Deprecated:  Methods with the same name as their class will not be constructors in a future version of PHP; RDM_User_Caps has a deprecated constructor in /home/u112548p108630/domains/apex-miniaturen.nl/public_html/wp-content/themes/apex/functions.php on line 357
[17-May-2021 14:43:53 UTC] PHP Deprecated:  Methods with the same name as their class will not be constructors in a future version of PHP; RDM_User_Caps has a deprecated constructor in /home/u112548p108630/domains/apex-miniaturen.nl/public_html/wp-content/themes/apex/functions.php on line 357
[17-May-2021 14:44:10 UTC] PHP Deprecated:  Methods with the same name as their class will not be constructors in a future version of PHP; RDM_User_Caps has a deprecated constructor in /home/u112548p108630/domains/apex-miniaturen.nl/public_html/wp-content/themes/apex/functions.php on line 357
[17-May-2021 14:44:25 UTC] PHP Deprecated:  Methods with the same name as their class will not be constructors in a future version of PHP; RDM_User_Caps has a deprecated constructor in /home/u112548p108630/domains/apex-miniaturen.nl/public_html/wp-content/themes/apex/functions.php on line 357
[17-May-2021 14:44:40 UTC] PHP Deprecated:  Methods with the same name as their class will not be constructors in a future version of PHP; RDM_User_Caps has a deprecated constructor in /home/u112548p108630/domains/apex-miniaturen.nl/public_html/wp-content/themes/apex/functions.php on line 357
[17-May-2021 14:45:55 UTC] PHP Deprecated:  Methods with the same name as their class will not be constructors in a future version of PHP; RDM_User_Caps has a deprecated constructor in /home/u112548p108630/domains/apex-miniaturen.nl/public_html/wp-content/themes/apex/functions.php on line 357
[17-May-2021 14:46:40 UTC] PHP Deprecated:  Methods with the same name as their class will not be constructors in a future version of PHP; RDM_User_Caps has a deprecated constructor in /home/u112548p108630/domains/apex-miniaturen.nl/public_html/wp-content/themes/apex/functions.php on line 357
[17-May-2021 14:46:55 UTC] PHP Deprecated:  Methods with the same name as their class will not be constructors in a future version of PHP; RDM_User_Caps has a deprecated constructor in /home/u112548p108630/domains/apex-miniaturen.nl/public_html/wp-content/themes/apex/functions.php on line 357
[17-May-2021 14:47:10 UTC] PHP Deprecated:  Methods with the same name as their class will not be constructors in a future version of PHP; RDM_User_Caps has a deprecated constructor in /home/u112548p108630/domains/apex-miniaturen.nl/public_html/wp-content/themes/apex/functions.php on line 357
[17-May-2021 14:47:13 UTC] PHP Deprecated:  Methods with the same name as their class will not be constructors in a future version of PHP; RDM_User_Caps has a deprecated constructor in /home/u112548p108630/domains/apex-miniaturen.nl/public_html/wp-content/themes/apex/functions.php on line 357
[17-May-2021 14:47:13 UTC] PHP Warning:  ob_start(): output handler 'ob_gzhandler' conflicts with 'zlib output compression' in /home/u112548p108630/domains/apex-miniaturen.nl/public_html/wp-content/themes/apex/functions.php on line 1172
[17-May-2021 14:47:13 UTC] PHP Notice:  ob_start(): failed to create buffer in /home/u112548p108630/domains/apex-miniaturen.nl/public_html/wp-content/themes/apex/functions.php on line 1172
[17-May-2021 14:47:13 UTC] PHP Notice:  ob_end_flush(): failed to send buffer of zlib output compression (1) in /home/u112548p108630/domains/apex-miniaturen.nl/public_html/wp-includes/functions.php on line 4757
[17-May-2021 14:47:13 UTC] PHP Notice:  ob_end_flush(): failed to send buffer of zlib output compression (1) in /home/u112548p108630/domains/apex-miniaturen.nl/public_html/wp-includes/functions.php on line 4757
[17-May-2021 14:47:15 UTC] PHP Deprecated:  Methods with the same name as their class will not be constructors in a future version of PHP; RDM_User_Caps has a deprecated constructor in /home/u112548p108630/domains/apex-miniaturen.nl/public_html/wp-content/themes/apex/functions.php on line 357
[17-May-2021 14:47:15 UTC] PHP Warning:  ob_start(): output handler 'ob_gzhandler' conflicts with 'zlib output compression' in /home/u112548p108630/domains/apex-miniaturen.nl/public_html/wp-content/themes/apex/functions.php on line 1172
[17-May-2021 14:47:15 UTC] PHP Notice:  ob_start(): failed to create buffer in /home/u112548p108630/domains/apex-miniaturen.nl/public_html/wp-content/themes/apex/functions.php on line 1172
[17-May-2021 14:47:15 UTC] PHP Deprecated:  Methods with the same name as their class will not be constructors in a future version of PHP; RDM_User_Caps has a deprecated constructor in /home/u112548p108630/domains/apex-miniaturen.nl/public_html/wp-content/themes/apex/functions.php on line 357
[17-May-2021 14:47:15 UTC] PHP Deprecated:  Methods with the same name as their class will not be constructors in a future version of PHP; RDM_User_Caps has a deprecated constructor in /home/u112548p108630/domains/apex-miniaturen.nl/public_html/wp-content/themes/apex/functions.php on line 357
[17-May-2021 14:47:15 UTC] PHP Warning:  ob_start(): output handler 'ob_gzhandler' conflicts with 'zlib output compression' in /home/u112548p108630/domains/apex-miniaturen.nl/public_html/wp-content/themes/apex/functions.php on line 1172
[17-May-2021 14:47:15 UTC] PHP Notice:  ob_start(): failed to create buffer in /home/u112548p108630/domains/apex-miniaturen.nl/public_html/wp-content/themes/apex/functions.php on line 1172
[17-May-2021 14:47:15 UTC] PHP Warning:  ob_start(): output handler 'ob_gzhandler' conflicts with 'zlib output compression' in /home/u112548p108630/domains/apex-miniaturen.nl/public_html/wp-content/themes/apex/functions.php on line 1172
[17-May-2021 14:47:15 UTC] PHP Notice:  ob_start(): failed to create buffer in /home/u112548p108630/domains/apex-miniaturen.nl/public_html/wp-content/themes/apex/functions.php on line 1172
[17-May-2021 14:47:16 UTC] PHP Deprecated:  Methods with the same name as their class will not be constructors in a future version of PHP; RDM_User_Caps has a deprecated constructor in /home/u112548p108630/domains/apex-miniaturen.nl/public_html/wp-content/themes/apex/functions.php on line 357
[17-May-2021 14:47:16 UTC] PHP Warning:  ob_start(): output handler 'ob_gzhandler' conflicts with 'zlib output compression' in /home/u112548p108630/domains/apex-miniaturen.nl/public_html/wp-content/themes/apex/functions.php on line 1172
[17-May-2021 14:47:16 UTC] PHP Notice:  ob_start(): failed to create buffer in /home/u112548p108630/domains/apex-miniaturen.nl/public_html/wp-content/themes/apex/functions.php on line 1172
[17-May-2021 14:47:22 UTC] PHP Deprecated:  Methods with the same name as their class will not be constructors in a future version of PHP; RDM_User_Caps has a deprecated constructor in /home/u112548p108630/domains/apex-miniaturen.nl/public_html/wp-content/themes/apex/functions.php on line 357
[17-May-2021 14:47:22 UTC] PHP Warning:  ob_start(): output handler 'ob_gzhandler' conflicts with 'zlib output compression' in /home/u112548p108630/domains/apex-miniaturen.nl/public_html/wp-content/themes/apex/functions.php on line 1172
[17-May-2021 14:47:22 UTC] PHP Notice:  ob_start(): failed to create buffer in /home/u112548p108630/domains/apex-miniaturen.nl/public_html/wp-content/themes/apex/functions.php on line 1172
[17-May-2021 14:47:22 UTC] PHP Notice:  ob_end_flush(): failed to send buffer of zlib output compression (1) in /home/u112548p108630/domains/apex-miniaturen.nl/public_html/wp-includes/functions.php on line 4757
[17-May-2021 14:47:22 UTC] PHP Notice:  ob_end_flush(): failed to send buffer of zlib output compression (1) in /home/u112548p108630/domains/apex-miniaturen.nl/public_html/wp-includes/functions.php on line 4757
[17-May-2021 14:47:25 UTC] PHP Deprecated:  Methods with the same name as their class will not be constructors in a future version of PHP; RDM_User_Caps has a deprecated constructor in /home/u112548p108630/domains/apex-miniaturen.nl/public_html/wp-content/themes/apex/functions.php on line 357
[17-May-2021 14:47:25 UTC] PHP Warning:  ob_start(): output handler 'ob_gzhandler' conflicts with 'zlib output compression' in /home/u112548p108630/domains/apex-miniaturen.nl/public_html/wp-content/themes/apex/functions.php on line 1172
[17-May-2021 14:47:25 UTC] PHP Notice:  ob_start(): failed to create buffer in /home/u112548p108630/domains/apex-miniaturen.nl/public_html/wp-content/themes/apex/functions.php on line 1172
[17-May-2021 14:47:25 UTC] PHP Notice:  Trying to access array offset on value of type null in /home/u112548p108630/domains/apex-miniaturen.nl/public_html/wp-content/themes/apex/header.php on line 18
[17-May-2021 14:47:25 UTC] PHP Notice:  Trying to access array offset on value of type null in /home/u112548p108630/domains/apex-miniaturen.nl/public_html/wp-content/themes/apex/header.php on line 18
[17-May-2021 14:47:25 UTC] PHP Notice:  Trying to access array offset on value of type null in /home/u112548p108630/domains/apex-miniaturen.nl/public_html/wp-content/themes/apex/header.php on line 28
[17-May-2021 14:47:25 UTC] PHP Notice:  Trying to access array offset on value of type null in /home/u112548p108630/domains/apex-miniaturen.nl/public_html/wp-content/themes/apex/header.php on line 29
[17-May-2021 14:47:25 UTC] PHP Notice:  Trying to access array offset on value of type null in /home/u112548p108630/domains/apex-miniaturen.nl/public_html/wp-content/themes/apex/header.php on line 53
[17-May-2021 14:47:25 UTC] PHP Notice:  Undefined variable: page_title in /home/u112548p108630/domains/apex-miniaturen.nl/public_html/wp-content/themes/apex/header.php on line 62
[17-May-2021 14:47:25 UTC] PHP Notice:  Trying to access array offset on value of type null in /home/u112548p108630/domains/apex-miniaturen.nl/public_html/wp-content/themes/apex/header.php on line 95
[17-May-2021 14:47:25 UTC] PHP Deprecated:  get_woocommerce_term_meta is <strong>verouderd</strong> sinds versie 3.6. Gebruik in plaats daarvan get_term_meta. in /home/u112548p108630/domains/apex-miniaturen.nl/public_html/wp-includes/functions.php on line 4861
[17-May-2021 14:47:25 UTC] PHP Notice:  Trying to get property 'before' of non-object in /home/u112548p108630/domains/apex-miniaturen.nl/public_html/wp-content/themes/apex/functions.php on line 1661
[17-May-2021 14:47:25 UTC] PHP Notice:  Trying to get property 'link_before' of non-object in /home/u112548p108630/domains/apex-miniaturen.nl/public_html/wp-content/themes/apex/functions.php on line 1666
[17-May-2021 14:47:25 UTC] PHP Notice:  Trying to get property 'link_after' of non-object in /home/u112548p108630/domains/apex-miniaturen.nl/public_html/wp-content/themes/apex/functions.php on line 1666
[17-May-2021 14:47:25 UTC] PHP Notice:  Trying to get property 'after' of non-object in /home/u112548p108630/domains/apex-miniaturen.nl/public_html/wp-content/themes/apex/functions.php on line 1669
[17-May-2021 14:47:25 UTC] PHP Deprecated:  get_woocommerce_term_meta is <strong>verouderd</strong> sinds versie 3.6. Gebruik in plaats daarvan get_term_meta. in /home/u112548p108630/domains/apex-miniaturen.nl/public_html/wp-includes/functions.php on line 4861
[17-May-2021 14:47:25 UTC] PHP Notice:  Trying to get property 'before' of non-object in /home/u112548p108630/domains/apex-miniaturen.nl/public_html/wp-content/themes/apex/functions.php on line 1661
[17-May-2021 14:47:25 UTC] PHP Notice:  Trying to get property 'link_before' of non-object in /home/u112548p108630/domains/apex-miniaturen.nl/public_html/wp-content/themes/apex/functions.php on line 1666
[17-May-2021 14:47:25 UTC] PHP Notice:  Trying to get property 'link_after' of non-object in /home/u112548p108630/domains/apex-miniaturen.nl/public_html/wp-content/themes/apex/functions.php on line 1666
[17-May-2021 14:47:25 UTC] PHP Notice:  Trying to get property 'after' of non-object in /home/u112548p108630/domains/apex-miniaturen.nl/public_html/wp-content/themes/apex/functions.php on line 1669
[17-May-2021 14:47:25 UTC] PHP Deprecated:  get_woocommerce_term_meta is <strong>verouderd</strong> sinds versie 3.6. Gebruik in plaats daarvan get_term_meta. in /home/u112548p108630/domains/apex-miniaturen.nl/public_html/wp-includes/functions.php on line 4861
[17-May-2021 14:47:25 UTC] PHP Notice:  Trying to get property 'before' of non-object in /home/u112548p108630/domains/apex-miniaturen.nl/public_html/wp-content/themes/apex/functions.php on line 1661
[17-May-2021 14:47:25 UTC] PHP Notice:  Trying to get property 'link_before' of non-object in /home/u112548p108630/domains/apex-miniaturen.nl/public_html/wp-content/themes/apex/functions.php on line 1666
[17-May-2021 14:47:25 UTC] PHP Notice:  Trying to get property 'link_after' of non-object in /home/u112548p108630/domains/apex-miniaturen.nl/public_html/wp-content/themes/apex/functions.php on line 1666
[17-May-2021 14:47:25 UTC] PHP Notice:  Trying to get property 'after' of non-object in /home/u112548p108630/domains/apex-miniaturen.nl/public_html/wp-content/themes/apex/functions.php on line 1669
[17-May-2021 14:47:25 UTC] PHP Deprecated:  get_woocommerce_term_meta is <strong>verouderd</strong> sinds versie 3.6. Gebruik in plaats daarvan get_term_meta. in /home/u112548p108630/domains/apex-miniaturen.nl/public_html/wp-includes/functions.php on line 4861
[17-May-2021 14:47:25 UTC] PHP Notice:  Trying to get property 'before' of non-object in /home/u112548p108630/domains/apex-miniaturen.nl/public_html/wp-content/themes/apex/functions.php on line 1661
[17-May-2021 14:47:25 UTC] PHP Notice:  Trying to get property 'link_before' of non-object in /home/u112548p108630/domains/apex-miniaturen.nl/public_html/wp-content/themes/apex/functions.php on line 1666
[17-May-2021 14:47:25 UTC] PHP Notice:  Trying to get property 'link_after' of non-object in /home/u112548p108630/domains/apex-miniaturen.nl/public_html/wp-content/themes/apex/functions.php on line 1666
[17-May-2021 14:47:25 UTC] PHP Notice:  Trying to get property 'after' of non-object in /home/u112548p108630/domains/apex-miniaturen.nl/public_html/wp-content/themes/apex/functions.php on line 1669
[17-May-2021 14:47:25 UTC] PHP Deprecated:  get_woocommerce_term_meta is <strong>verouderd</strong> sinds versie 3.6. Gebruik in plaats daarvan get_term_meta. in /home/u112548p108630/domains/apex-miniaturen.nl/public_html/wp-includes/functions.php on line 4861
[17-May-2021 14:47:25 UTC] PHP Notice:  Trying to get property 'before' of non-object in /home/u112548p108630/domains/apex-miniaturen.nl/public_html/wp-content/themes/apex/functions.php on line 1661
[17-May-2021 14:47:25 UTC] PHP Notice:  Trying to get property 'link_before' of non-object in /home/u112548p108630/domains/apex-miniaturen.nl/public_html/wp-content/themes/apex/functions.php on line 1666
[17-May-2021 14:47:25 UTC] PHP Notice:  Trying to get property 'link_after' of non-object in /home/u112548p108630/domains/apex-miniaturen.nl/public_html/wp-content/themes/apex/functions.php on line 1666
[17-May-2021 14:47:25 UTC] PHP Notice:  Trying to get property 'after' of non-object in /home/u112548p108630/domains/apex-miniaturen.nl/public_html/wp-content/themes/apex/functions.php on line 1669
[17-May-2021 14:47:25 UTC] PHP Deprecated:  get_woocommerce_term_meta is <strong>verouderd</strong> sinds versie 3.6. Gebruik in plaats daarvan get_term_meta. in /home/u112548p108630/domains/apex-miniaturen.nl/public_html/wp-includes/functions.php on line 4861
[17-May-2021 14:47:25 UTC] PHP Notice:  Trying to get property 'before' of non-object in /home/u112548p108630/domains/apex-miniaturen.nl/public_html/wp-content/themes/apex/functions.php on line 1661
[17-May-2021 14:47:25 UTC] PHP Notice:  Trying to get property 'link_before' of non-object in /home/u112548p108630/domains/apex-miniaturen.nl/public_html/wp-content/themes/apex/functions.php on line 1666
[17-May-2021 14:47:25 UTC] PHP Notice:  Trying to get property 'link_after' of non-object in /home/u112548p108630/domains/apex-miniaturen.nl/public_html/wp-content/themes/apex/functions.php on line 1666
[17-May-2021 14:47:25 UTC] PHP Notice:  Trying to get property 'after' of non-object in /home/u112548p108630/domains/apex-miniaturen.nl/public_html/wp-content/themes/apex/functions.php on line 1669
[17-May-2021 14:47:25 UTC] PHP Deprecated:  get_woocommerce_term_meta is <strong>verouderd</strong> sinds versie 3.6. Gebruik in plaats daarvan get_term_meta. in /home/u112548p108630/domains/apex-miniaturen.nl/public_html/wp-includes/functions.php on line 4861
[17-May-2021 14:47:25 UTC] PHP Notice:  Trying to get property 'before' of non-object in /home/u112548p108630/domains/apex-miniaturen.nl/public_html/wp-content/themes/apex/functions.php on line 1661
[17-May-2021 14:47:25 UTC] PHP Notice:  Trying to get property 'link_before' of non-object in /home/u112548p108630/domains/apex-miniaturen.nl/public_html/wp-content/themes/apex/functions.php on line 1666
[17-May-2021 14:47:25 UTC] PHP Notice:  Trying to get property 'link_after' of non-object in /home/u112548p108630/domains/apex-miniaturen.nl/public_html/wp-content/themes/apex/functions.php on line 1666
[17-May-2021 14:47:25 UTC] PHP Notice:  Trying to get property 'after' of non-object in /home/u112548p108630/domains/apex-miniaturen.nl/public_html/wp-content/themes/apex/functions.php on line 1669
[17-May-2021 14:47:25 UTC] PHP Deprecated:  get_woocommerce_term_meta is <strong>verouderd</strong> sinds versie 3.6. Gebruik in plaats daarvan get_term_meta. in /home/u112548p108630/domains/apex-miniaturen.nl/public_html/wp-includes/functions.php on line 4861
[17-May-2021 14:47:25 UTC] PHP Notice:  Trying to get property 'before' of non-object in /home/u112548p108630/domains/apex-miniaturen.nl/public_html/wp-content/themes/apex/functions.php on line 1661
[17-May-2021 14:47:25 UTC] PHP Notice:  Trying to get property 'link_before' of non-object in /home/u112548p108630/domains/apex-miniaturen.nl/public_html/wp-content/themes/apex/functions.php on line 1666
[17-May-2021 14:47:25 UTC] PHP Notice:  Trying to get property 'link_after' of non-object in /home/u112548p108630/domains/apex-miniaturen.nl/public_html/wp-content/themes/apex/functions.php on line 1666
[17-May-2021 14:47:25 UTC] PHP Notice:  Trying to get property 'after' of non-object in /home/u112548p108630/domains/apex-miniaturen.nl/public_html/wp-content/themes/apex/functions.php on line 1669
[17-May-2021 14:47:25 UTC] PHP Deprecated:  get_woocommerce_term_meta is <strong>verouderd</strong> sinds versie 3.6. Gebruik in plaats daarvan get_term_meta. in /home/u112548p108630/domains/apex-miniaturen.nl/public_html/wp-includes/functions.php on line 4861
[17-May-2021 14:47:25 UTC] PHP Notice:  Trying to get property 'before' of non-object in /home/u112548p108630/domains/apex-miniaturen.nl/public_html/wp-content/themes/apex/functions.php on line 1661
[17-May-2021 14:47:25 UTC] PHP Notice:  Trying to get property 'link_before' of non-object in /home/u112548p108630/domains/apex-miniaturen.nl/public_html/wp-content/themes/apex/functions.php on line 1666
[17-May-2021 14:47:25 UTC] PHP Notice:  Trying to get property 'link_after' of non-object in /home/u112548p108630/domains/apex-miniaturen.nl/public_html/wp-content/themes/apex/functions.php on line 1666
[17-May-2021 14:47:25 UTC] PHP Notice:  Trying to get property 'after' of non-object in /home/u112548p108630/domains/apex-miniaturen.nl/public_html/wp-content/themes/apex/functions.php on line 1669
[17-May-2021 14:47:25 UTC] PHP Deprecated:  get_woocommerce_term_meta is <strong>verouderd</strong> sinds versie 3.6. Gebruik in plaats daarvan get_term_meta. in /home/u112548p108630/domains/apex-miniaturen.nl/public_html/wp-includes/functions.php on line 4861
[17-May-2021 14:47:25 UTC] PHP Notice:  Trying to get property 'before' of non-object in /home/u112548p108630/domains/apex-miniaturen.nl/public_html/wp-content/themes/apex/functions.php on line 1661
[17-May-2021 14:47:25 UTC] PHP Notice:  Trying to get property 'link_before' of non-object in /home/u112548p108630/domains/apex-miniaturen.nl/public_html/wp-content/themes/apex/functions.php on line 1666
[17-May-2021 14:47:25 UTC] PHP Notice:  Trying to get property 'link_after' of non-object in /home/u112548p108630/domains/apex-miniaturen.nl/public_html/wp-content/themes/apex/functions.php on line 1666
[17-May-2021 14:47:25 UTC] PHP Notice:  Trying to get property 'after' of non-object in /home/u112548p108630/domains/apex-miniaturen.nl/public_html/wp-content/themes/apex/functions.php on line 1669
[17-May-2021 14:47:25 UTC] PHP Deprecated:  get_woocommerce_term_meta is <strong>verouderd</strong> sinds versie 3.6. Gebruik in plaats daarvan get_term_meta. in /home/u112548p108630/domains/apex-miniaturen.nl/public_html/wp-includes/functions.php on line 4861
[17-May-2021 14:47:25 UTC] PHP Notice:  Trying to get property 'before' of non-object in /home/u112548p108630/domains/apex-miniaturen.nl/public_html/wp-content/themes/apex/functions.php on line 1661
[17-May-2021 14:47:25 UTC] PHP Notice:  Trying to get property 'link_before' of non-object in /home/u112548p108630/domains/apex-miniaturen.nl/public_html/wp-content/themes/apex/functions.php on line 1666
[17-May-2021 14:47:25 UTC] PHP Notice:  Trying to get property 'link_after' of non-object in /home/u112548p108630/domains/apex-miniaturen.nl/public_html/wp-content/themes/apex/functions.php on line 1666
[17-May-2021 14:47:25 UTC] PHP Notice:  Trying to get property 'after' of non-object in /home/u112548p108630/domains/apex-miniaturen.nl/public_html/wp-content/themes/apex/functions.php on line 1669
[17-May-2021 14:47:25 UTC] PHP Deprecated:  get_woocommerce_term_meta is <strong>verouderd</strong> sinds versie 3.6. Gebruik in plaats daarvan get_term_meta. in /home/u112548p108630/domains/apex-miniaturen.nl/public_html/wp-includes/functions.php on line 4861
[17-May-2021 14:47:25 UTC] PHP Notice:  Trying to get property 'before' of non-object in /home/u112548p108630/domains/apex-miniaturen.nl/public_html/wp-content/themes/apex/functions.php on line 1661
[17-May-2021 14:47:25 UTC] PHP Notice:  Trying to get property 'link_before' of non-object in /home/u112548p108630/domains/apex-miniaturen.nl/public_html/wp-content/themes/apex/functions.php on line 1666
[17-May-2021 14:47:25 UTC] PHP Notice:  Trying to get property 'link_after' of non-object in /home/u112548p108630/domains/apex-miniaturen.nl/public_html/wp-content/themes/apex/functions.php on line 1666
[17-May-2021 14:47:25 UTC] PHP Notice:  Trying to get property 'after' of non-object in /home/u112548p108630/domains/apex-miniaturen.nl/public_html/wp-content/themes/apex/functions.php on line 1669
[17-May-2021 14:47:25 UTC] PHP Deprecated:  get_woocommerce_term_meta is <strong>verouderd</strong> sinds versie 3.6. Gebruik in plaats daarvan get_term_meta. in /home/u112548p108630/domains/apex-miniaturen.nl/public_html/wp-includes/functions.php on line 4861
[17-May-2021 14:47:25 UTC] PHP Notice:  Trying to get property 'before' of non-object in /home/u112548p108630/domains/apex-miniaturen.nl/public_html/wp-content/themes/apex/functions.php on line 1661
[17-May-2021 14:47:25 UTC] PHP Notice:  Trying to get property 'link_before' of non-object in /home/u112548p108630/domains/apex-miniaturen.nl/public_html/wp-content/themes/apex/functions.php on line 1666
[17-May-2021 14:47:25 UTC] PHP Notice:  Trying to get property 'link_after' of non-object in /home/u112548p108630/domains/apex-miniaturen.nl/public_html/wp-content/themes/apex/functions.php on line 1666
[17-May-2021 14:47:25 UTC] PHP Notice:  Trying to get property 'after' of non-object in /home/u112548p108630/domains/apex-miniaturen.nl/public_html/wp-content/themes/apex/functions.php on line 1669
[17-May-2021 14:47:25 UTC] PHP Deprecated:  get_woocommerce_term_meta is <strong>verouderd</strong> sinds versie 3.6. Gebruik in plaats daarvan get_term_meta. in /home/u112548p108630/domains/apex-miniaturen.nl/public_html/wp-includes/functions.php on line 4861
[17-May-2021 14:47:25 UTC] PHP Notice:  Trying to get property 'before' of non-object in /home/u112548p108630/domains/apex-miniaturen.nl/public_html/wp-content/themes/apex/functions.php on line 1661
[17-May-2021 14:47:25 UTC] PHP Notice:  Trying to get property 'link_before' of non-object in /home/u112548p108630/domains/apex-miniaturen.nl/public_html/wp-content/themes/apex/functions.php on line 1666
[17-May-2021 14:47:25 UTC] PHP Notice:  Trying to get property 'link_after' of non-object in /home/u112548p108630/domains/apex-miniaturen.nl/public_html/wp-content/themes/apex/functions.php on line 1666
[17-May-2021 14:47:25 UTC] PHP Notice:  Trying to get property 'after' of non-object in /home/u112548p108630/domains/apex-miniaturen.nl/public_html/wp-content/themes/apex/functions.php on line 1669
[17-May-2021 14:47:25 UTC] PHP Deprecated:  get_woocommerce_term_meta is <strong>verouderd</strong> sinds versie 3.6. Gebruik in plaats daarvan get_term_meta. in /home/u112548p108630/domains/apex-miniaturen.nl/public_html/wp-includes/functions.php on line 4861
[17-May-2021 14:47:25 UTC] PHP Notice:  Trying to get property 'before' of non-object in /home/u112548p108630/domains/apex-miniaturen.nl/public_html/wp-content/themes/apex/functions.php on line 1661
[17-May-2021 14:47:25 UTC] PHP Notice:  Trying to get property 'link_before' of non-object in /home/u112548p108630/domains/apex-miniaturen.nl/public_html/wp-content/themes/apex/functions.php on line 1666
[17-May-2021 14:47:25 UTC] PHP Notice:  Trying to get property 'link_after' of non-object in /home/u112548p108630/domains/apex-miniaturen.nl/public_html/wp-content/themes/apex/functions.php on line 1666
[17-May-2021 14:47:25 UTC] PHP Notice:  Trying to get property 'after' of non-object in /home/u112548p108630/domains/apex-miniaturen.nl/public_html/wp-content/themes/apex/functions.php on line 1669
[17-May-2021 14:47:25 UTC] PHP Notice:  Trying to access array offset on value of type null in /home/u112548p108630/domains/apex-miniaturen.nl/public_html/wp-content/themes/apex/footer.php on line 9
[17-May-2021 14:47:25 UTC] PHP Notice:  Trying to access array offset on value of type null in /home/u112548p108630/domains/apex-miniaturen.nl/public_html/wp-content/themes/apex/footer.php on line 9
[17-May-2021 14:47:25 UTC] PHP Notice:  Trying to access array offset on value of type null in /home/u112548p108630/domains/apex-miniaturen.nl/public_html/wp-content/themes/apex/functions.php on line 969
[17-May-2021 14:47:25 UTC] PHP Notice:  Trying to access array offset on value of type null in /home/u112548p108630/domains/apex-miniaturen.nl/public_html/wp-content/themes/apex/functions.php on line 969
[17-May-2021 14:47:25 UTC] PHP Notice:  Trying to access array offset on value of type null in /home/u112548p108630/domains/apex-miniaturen.nl/public_html/wp-content/themes/apex/functions.php on line 969
[17-May-2021 14:47:25 UTC] PHP Notice:  Trying to access array offset on value of type null in /home/u112548p108630/domains/apex-miniaturen.nl/public_html/wp-content/themes/apex/functions.php on line 969
[17-May-2021 14:47:25 UTC] PHP Notice:  ob_end_flush(): failed to send buffer of zlib output compression (1) in /home/u112548p108630/domains/apex-miniaturen.nl/public_html/wp-includes/functions.php on line 4757
[17-May-2021 14:47:25 UTC] PHP Notice:  ob_end_flush(): failed to send buffer of zlib output compression (1) in /home/u112548p108630/domains/apex-miniaturen.nl/public_html/wp-includes/functions.php on line 4757
[17-May-2021 14:47:31 UTC] PHP Deprecated:  Methods with the same name as their class will not be constructors in a future version of PHP; RDM_User_Caps has a deprecated constructor in /home/u112548p108630/domains/apex-miniaturen.nl/public_html/wp-content/themes/apex/functions.php on line 357
[17-May-2021 14:47:31 UTC] PHP Warning:  ob_start(): output handler 'ob_gzhandler' conflicts with 'zlib output compression' in /home/u112548p108630/domains/apex-miniaturen.nl/public_html/wp-content/themes/apex/functions.php on line 1172
[17-May-2021 14:47:31 UTC] PHP Notice:  ob_start(): failed to create buffer in /home/u112548p108630/domains/apex-miniaturen.nl/public_html/wp-content/themes/apex/functions.php on line 1172
